ERROR: 2024/11/15 12:18:59 error-handler.go:34: successfully retrieved user testLogin from PostgreSQL
ERROR: 2024/11/15 14:02:49 error-handler.go:34: successfully generated hash with salt for user testVlad
ERROR: 2024/11/15 14:02:50 error-handler.go:34: successfully checked if user testVlad already exists
ERROR: 2024/11/15 14:02:50 error-handler.go:34: user testVlad does not exist, so creating new user
ERROR: 2024/11/15 14:02:50 error-handler.go:34: pq: insert or update on table "users" violates foreign key constraint "users_role_id_fkey"
ERROR: 2024/11/15 14:02:50 error-handler.go:34: failed to create user
ERROR: 2024/11/15 14:02:53 error-handler.go:34: successfully generated hash with salt for user testVlad
ERROR: 2024/11/15 14:02:53 error-handler.go:34: successfully generated hash with salt for user testVlad
ERROR: 2024/11/15 14:02:53 error-handler.go:34: successfully checked if user testVlad already exists
ERROR: 2024/11/15 14:02:53 error-handler.go:34: user testVlad does not exist, so creating new user
ERROR: 2024/11/15 14:02:53 error-handler.go:34: successfully generated hash with salt for user testVlad
ERROR: 2024/11/15 14:02:54 error-handler.go:34: pq: insert or update on table "users" violates foreign key constraint "users_role_id_fkey"
ERROR: 2024/11/15 14:02:54 error-handler.go:34: failed to create user
ERROR: 2024/11/15 14:02:55 error-handler.go:34: successfully checked if user testVlad already exists
ERROR: 2024/11/15 14:02:55 error-handler.go:34: user testVlad does not exist, so creating new user
ERROR: 2024/11/15 14:02:55 error-handler.go:34: successfully checked if user testVlad already exists
ERROR: 2024/11/15 14:02:55 error-handler.go:34: user testVlad does not exist, so creating new user
ERROR: 2024/11/15 14:02:56 error-handler.go:34: pq: insert or update on table "users" violates foreign key constraint "users_role_id_fkey"
ERROR: 2024/11/15 14:02:56 error-handler.go:34: failed to create user
ERROR: 2024/11/15 14:02:56 error-handler.go:34: pq: insert or update on table "users" violates foreign key constraint "users_role_id_fkey"
ERROR: 2024/11/15 14:02:56 error-handler.go:34: failed to create user
ERROR: 2024/11/15 14:03:00 error-handler.go:34: successfully generated hash with salt for user testVlad
ERROR: 2024/11/15 14:03:00 error-handler.go:34: successfully generated hash with salt for user testVlad
ERROR: 2024/11/15 14:03:00 error-handler.go:34: successfully generated hash with salt for user testVlad
ERROR: 2024/11/15 14:03:01 error-handler.go:34: successfully generated hash with salt for user testVlad
ERROR: 2024/11/15 14:03:01 error-handler.go:34: successfully generated hash with salt for user testVlad
ERROR: 2024/11/15 14:03:01 error-handler.go:34: successfully checked if user testVlad already exists
ERROR: 2024/11/15 14:03:01 error-handler.go:34: user testVlad does not exist, so creating new user
ERROR: 2024/11/15 14:03:01 error-handler.go:34: successfully generated hash with salt for user testVlad
ERROR: 2024/11/15 14:03:01 error-handler.go:34: successfully checked if user testVlad already exists
ERROR: 2024/11/15 14:03:01 error-handler.go:34: user testVlad does not exist, so creating new user
ERROR: 2024/11/15 14:03:01 error-handler.go:34: pq: insert or update on table "users" violates foreign key constraint "users_role_id_fkey"
ERROR: 2024/11/15 14:03:01 error-handler.go:34: failed to create user
ERROR: 2024/11/15 14:03:01 error-handler.go:34: successfully generated hash with salt for user testVlad
ERROR: 2024/11/15 14:03:02 error-handler.go:34: pq: insert or update on table "users" violates foreign key constraint "users_role_id_fkey"
ERROR: 2024/11/15 14:03:02 error-handler.go:34: failed to create user
ERROR: 2024/11/15 14:03:02 error-handler.go:34: successfully generated hash with salt for user testVlad
ERROR: 2024/11/15 14:03:02 error-handler.go:34: successfully checked if user testVlad already exists
ERROR: 2024/11/15 14:03:02 error-handler.go:34: user testVlad does not exist, so creating new user
ERROR: 2024/11/15 14:03:02 error-handler.go:34: successfully checked if user testVlad already exists
ERROR: 2024/11/15 14:03:02 error-handler.go:34: user testVlad does not exist, so creating new user
ERROR: 2024/11/15 14:03:03 error-handler.go:34: successfully checked if user testVlad already exists
ERROR: 2024/11/15 14:03:03 error-handler.go:34: user testVlad does not exist, so creating new user
ERROR: 2024/11/15 14:03:03 error-handler.go:34: successfully checked if user testVlad already exists
ERROR: 2024/11/15 14:03:03 error-handler.go:34: user testVlad does not exist, so creating new user
ERROR: 2024/11/15 14:03:03 error-handler.go:34: successfully checked if user testVlad already exists
ERROR: 2024/11/15 14:03:03 error-handler.go:34: user testVlad does not exist, so creating new user
ERROR: 2024/11/15 14:03:03 error-handler.go:34: pq: insert or update on table "users" violates foreign key constraint "users_role_id_fkey"
ERROR: 2024/11/15 14:03:03 error-handler.go:34: successfully checked if user testVlad already exists
ERROR: 2024/11/15 14:03:03 error-handler.go:34: user testVlad does not exist, so creating new user
ERROR: 2024/11/15 14:03:03 error-handler.go:34: failed to create user
ERROR: 2024/11/15 14:03:03 error-handler.go:34: successfully generated hash with salt for user testVlad
ERROR: 2024/11/15 14:03:03 error-handler.go:34: pq: insert or update on table "users" violates foreign key constraint "users_role_id_fkey"
ERROR: 2024/11/15 14:03:03 error-handler.go:34: failed to create user
ERROR: 2024/11/15 14:03:03 error-handler.go:34: successfully generated hash with salt for user testVlad
ERROR: 2024/11/15 14:03:03 error-handler.go:34: pq: insert or update on table "users" violates foreign key constraint "users_role_id_fkey"
ERROR: 2024/11/15 14:03:03 error-handler.go:34: failed to create user
ERROR: 2024/11/15 14:03:03 error-handler.go:34: successfully checked if user testVlad already exists
ERROR: 2024/11/15 14:03:03 error-handler.go:34: pq: insert or update on table "users" violates foreign key constraint "users_role_id_fkey"
ERROR: 2024/11/15 14:03:03 error-handler.go:34: user testVlad does not exist, so creating new user
ERROR: 2024/11/15 14:03:03 error-handler.go:34: pq: insert or update on table "users" violates foreign key constraint "users_role_id_fkey"
ERROR: 2024/11/15 14:03:03 error-handler.go:34: failed to create user
ERROR: 2024/11/15 14:03:03 error-handler.go:34: failed to create user
ERROR: 2024/11/15 14:03:03 error-handler.go:34: pq: insert or update on table "users" violates foreign key constraint "users_role_id_fkey"
ERROR: 2024/11/15 14:03:03 error-handler.go:34: failed to create user
ERROR: 2024/11/15 14:03:04 error-handler.go:34: successfully checked if user testVlad already exists
ERROR: 2024/11/15 14:03:04 error-handler.go:34: user testVlad does not exist, so creating new user
ERROR: 2024/11/15 14:03:04 error-handler.go:34: pq: insert or update on table "users" violates foreign key constraint "users_role_id_fkey"
ERROR: 2024/11/15 14:03:04 error-handler.go:34: failed to create user
ERROR: 2024/11/15 14:03:05 error-handler.go:34: pq: insert or update on table "users" violates foreign key constraint "users_role_id_fkey"
ERROR: 2024/11/15 14:03:05 error-handler.go:34: failed to create user
ERROR: 2024/11/15 18:18:05 error-handler.go:34: successfully generated hash with salt for user testVlad
ERROR: 2024/11/15 18:18:06 error-handler.go:34: successfully checked if user testVlad already exists
ERROR: 2024/11/15 18:18:06 error-handler.go:34: user testVlad does not exist, so creating new user
ERROR: 2024/11/15 18:18:07 error-handler.go:34: pq: insert or update on table "users" violates foreign key constraint "users_role_id_fkey"
ERROR: 2024/11/15 18:18:07 error-handler.go:34: failed to create user
ERROR: 2024/11/17 22:36:35 error-handler.go:34: successfully retrieved user testLogin from PostgreSQL
ERROR: 2024/11/18 09:10:14 error-handler.go:34: dial tcp: lookup dpg-csm9o70gph6c73af3gm0-a.oregon-postgres.render.com on 127.0.0.53:53: server misbehaving
ERROR: 2024/11/18 09:10:14 error-handler.go:34: dial tcp: lookup oregon-redis.render.com on 127.0.0.53:53: server misbehaving
ERROR: 2024/11/18 09:35:19 error-handler.go:34: successfully retrieved user testLogin from PostgreSQL
ERROR: 2024/11/18 09:36:15 error-handler.go:34: successfully retrieved user testLogin from PostgreSQL
